app/build/intermediates/manifest_merge_blame_file/debug/manifest-merger-blame-debug-report.txt
1<?xml version="1.0" encoding="utf-8"?>
2<manifest xmlns:android="http://schemas.android.com/apk/res/android"
3    package="com.samples.flironecamera"
4    android:versionCode="1"
5    android:versionName="1.0" >
6
7    <uses-sdk
8        android:minSdkVersion="21"
8-->src/main/AndroidManifest.xml
9        android:targetSdkVersion="29" />
9-->src/main/AndroidManifest.xml
10
11    <!-- some hw might not support Usb Host mode so it's recommended to add this -->
12    <uses-feature android:name="android.hardware.usb.host" />
12-->src/main/AndroidManifest.xml:6:5-62
12-->src/main/AndroidManifest.xml:6:19-59
13
14    <!-- The only mandatory permissions to initialize SDK properly are READ_EXTERNAL_STORAGE and WRITE_EXTERNAL_STORAGE -->
15    <!-- App specific permissions should go to the corresponding app Manifest file -->
16    <uses-permission android:name="android.permission.READ_EXTERNAL_STORAGE" />
16-->[:androidsdk-release:] AndroidManifest.xml:13:5-80
16-->[:androidsdk-release:] AndroidManifest.xml:13:22-77
17    <uses-permission android:name="android.permission.WRITE_EXTERNAL_STORAGE" />
17-->[:androidsdk-release:] AndroidManifest.xml:14:5-81
17-->[:androidsdk-release:] AndroidManifest.xml:14:22-78
18
19    <application
19-->src/main/AndroidManifest.xml:8:5-26:19
20        android:allowBackup="true"
20-->src/main/AndroidManifest.xml:9:9-35
21        android:appComponentFactory="androidx.core.app.CoreComponentFactory"
21-->[androidx.core:core:1.1.0] AndroidManifest.xml:24:18-86
22        android:debuggable="true"
23        android:icon="@mipmap/ic_icon_elo"
23-->src/main/AndroidManifest.xml:10:9-43
24        android:label="@string/app_name"
24-->src/main/AndroidManifest.xml:11:9-41
25        android:roundIcon="@mipmap/ic_icon_elo_round"
25-->src/main/AndroidManifest.xml:12:9-54
26        android:supportsRtl="true"
26-->src/main/AndroidManifest.xml:13:9-35
27        android:testOnly="true"
28        android:theme="@style/AppTheme" >
28-->src/main/AndroidManifest.xml:14:9-40
29        <activity android:name="com.samples.flironecamera.MainActivity" >
29-->src/main/AndroidManifest.xml:16:9-21:20
29-->src/main/AndroidManifest.xml:16:19-47
30            <intent-filter>
30-->src/main/AndroidManifest.xml:17:13-20:29
31                <action android:name="android.intent.action.MAIN" />
31-->src/main/AndroidManifest.xml:18:17-69
31-->src/main/AndroidManifest.xml:18:25-66
32
33                <category android:name="android.intent.category.LAUNCHER" />
33-->src/main/AndroidManifest.xml:19:17-77
33-->src/main/AndroidManifest.xml:19:27-74
34            </intent-filter>
35        </activity>
36        <activity android:name="com.samples.flironecamera.FlirEmulator" >
36-->src/main/AndroidManifest.xml:23:9-24:20
36-->src/main/AndroidManifest.xml:23:19-47
37        </activity>
38    </application>
39
40</manifest>